<?xml version="1.0" encoding="UTF-8"?>
<testng-results skipped="0" failed="0" ignored="0" total="1" passed="1">
  <reporter-output>
  </reporter-output>
  <suite name="mavendemosept.AppTest" duration-ms="50" started-at="2019-12-05T09:11:29Z" finished-at="2019-12-05T09:11:29Z">
    <groups>
    </groups>
    <test name="Command line test" duration-ms="50" started-at="2019-12-05T09:11:29Z" finished-at="2019-12-05T09:11:29Z">
      <class name="mavendemosept.AppTest">
        <test-method status="PASS" signature="testApp()[pri:0, instance:mavendemosept.AppTest@2f7c7260]" name="testApp" duration-ms="17" started-at="2019-12-05T09:11:29Z" finished-at="2019-12-05T09:11:29Z">
          <reporter-output>
          </reporter-output>
        </test-method> <!-- testApp -->
      </class> <!-- mavendemosept.AppTest -->
    </test> <!-- Command line test -->
  </suite> <!-- mavendemosept.AppTest -->
</testng-results>
